20230322	12:24:47	435d48b5-a966-4564-a7ce-dcaac5813f8c	GET	/	undefined
20230322	12:24:47	78f286c6-c3d6-490f-a141-0617dc3f958b	GET	/img/CougarPetroleum.png	undefined
20230322	12:25:59	43ba2bb5-9868-4038-9a73-7fb9b546e7ff	GET	/	undefined
20230322	12:25:59	0ec50e4f-1e47-4555-8836-c3d7fdeec7a5	GET	/img/CougarPetroleum.png	undefined
20230322	12:26:02	34a37481-943b-4710-a19b-5743f4c74e61	GET	/	undefined
20230322	12:26:02	d369fdc1-ac26-447f-9477-7875dae404b1	GET	/img/CougarPetroleum.png	undefined
20230322	12:26:19	f1fe169a-93b5-4874-88bd-d267ccd5af0a	GET	/	undefined
20230322	12:26:19	47832a2e-26cc-42fd-9884-1a04ffd04d46	GET	/img/CougarPetroleum.png	undefined
20230322	12:26:22	34818589-ed34-4766-98d2-ab4f8e64f677	GET	/	undefined
20230322	12:26:22	841b7f37-8efa-4de3-bd3e-614b587a21b2	GET	/img/CougarPetroleum.png	undefined
20230322	12:27:12	2ed53f83-8dcf-42fd-9aaa-2557c4191871	GET	/CougarPetroleum/pages/QuoteHistory.html	undefined
20230322	12:27:12	ce6c620d-8f04-462f-84af-09e827031d34	GET	/CougarPetroleum/pages/css/styles.css	undefined
20230322	12:28:54	a661b12d-2619-4eef-9b48-bd953047a3b5	GET	/	undefined
20230322	12:28:54	a701330f-a876-4840-ad1f-e66af9be9741	GET	/img/CougarPetroleum.png	undefined
20230322	12:28:56	94acc304-112b-47fb-899b-ab69c7e04d46	GET	/pages/QuoteHistory.html	undefined
20230322	12:28:56	ec97b92f-9099-480f-a1ad-df6b8a8fedf5	GET	/pages/css/styles.css	undefined
20230322	12:39:36	364a7be9-a0f5-4ec8-8104-6d119383c9aa	GET	/pages/QuoteHistory.html	undefined
20230322	12:39:36	b6476ff5-ec07-4336-99d9-324a2268937b	GET	/pages/css/styles.css	undefined
20230322	12:39:38	4871336e-1218-4358-a3f5-ab00987f4a4c	GET	/	undefined
20230322	12:39:38	c3f6a336-2fb2-4d67-8116-1f39a2ced783	GET	/img/CougarPetroleum.png	undefined
20230322	12:39:41	42358f08-a911-4b91-80c4-f50f778787d8	GET	/pages/QuoteHistory.html	undefined
20230322	12:39:41	f5d07d7f-8cd7-4930-a234-0df31570e9fd	GET	/pages/css/styles.css	undefined
20230322	12:39:54	fc2de7d5-9ae1-4394-9b75-fed30f23bb39	GET	/	undefined
20230322	12:39:54	1e83c8f0-014a-41b1-9db0-3d7706ebd5b7	GET	/img/CougarPetroleum.png	undefined
20230322	12:40:37	2f5fe51c-5a98-4b1b-886c-f14c5798c735	GET	/	undefined
20230322	12:40:37	1df9d56d-e806-4c03-9793-0e9130d5410f	GET	/img/CougarPetroleum.png	undefined
20230322	12:40:40	830c7236-7caa-495b-8588-80527f2e04de	GET	/pages/QuoteHistory.html	undefined
20230322	12:40:40	76a0bb35-62a5-4305-bde7-cc2934c5b154	GET	/img/CougarPetroleum.png	undefined
20230322	12:40:43	cc175620-b13d-4e6c-922e-85f3c5384084	GET	/pages/signUpForm.html	undefined
20230322	12:40:43	31f1ad5c-5a7c-4777-b8ba-fbc8f8be08ff	GET	/CougarPetroleum/pages/signUpstyles.css	undefined
20230322	12:41:51	88861165-6f35-46f6-ae39-a06e6775bd58	GET	/pages/signUpForm.html	undefined
20230322	12:41:51	63fde6f4-ebca-4e8a-9972-d21a481c84f2	GET	/CougarPetroleum/pages/signUpstyles.css	undefined
20230322	12:42:13	92224bc7-3d3b-4441-87c0-feaa04fa61de	GET	/pages/signUpForm.html	undefined
20230322	12:42:13	6492d27f-bc56-4904-8e81-fd7579553d96	GET	/CougarPetroleum/pages/signUpstyles.css	undefined
20230322	12:42:52	6a0ef7e3-0093-437a-8644-bfc36d394e1d	GET	/	undefined
20230322	12:42:52	58e98d66-6a23-4806-80b8-36c96ee096d5	GET	/img/CougarPetroleum.png	undefined
20230322	12:42:54	f909009f-f072-4763-8792-6f696a946fb9	GET	/pages/signUpForm.html	undefined
20230322	12:42:54	906a083f-b870-4a60-8869-b32d3c5a084d	GET	/CSS/signUpstyles.css	undefined
